<?xml version="1.0" encoding="UTF-8"?>
<!-- Generated by org.testng.reporters.JUnitXMLReporter -->
<testsuite hostname="Deepshikhamy" ignored="0" name="Test" tests="10" failures="0" timestamp="2022-05-17T23:41:19 IST" time="30.138" errors="0">
  <testcase name="testcase2" time="12.012" classname="org.testing.testscripts.TC2"/>
  <testcase name="testcase3" time="1.428" classname="org.testing.testscripts.TC3"/>
  <testcase name="TC4" time="0.163" classname="org.testing.testscripts.TC4_GetAll"/>
  <testcase name="testcase5" time="0.125" classname="org.testing.testscripts.TC5_Putrequest"/>
  <testcase name="testcase6" time="0.141" classname="org.testing.testscripts.TC6_deleterequest"/>
  <testcase name="TC7" time="13.288" classname="org.testing.testscripts.TC7Dummy_1"/>
  <testcase name="TC8" time="0.391" classname="org.testing.testscripts.TC8_dummyget"/>
  <testcase name="TC9" time="0.312" classname="org.testing.testscripts.TC9_Dummygetall"/>
  <testcase name="TC10" time="1.092" classname="org.testing.testscripts.TC10_DummyPUT"/>
  <testcase name="TC11" time="1.062" classname="org.testing.testscripts.TC11_DummyDelete"/>
</testsuite> <!-- Test -->
